2019-12-02 22:27:41,204 | ERROR | 53156,  raised Error 404 
2019-12-02 22:27:44,972 | ERROR | 53162,  raised Error 404 
2019-12-02 22:28:14,000 | ERROR | 53208,  raised Error 404 
2019-12-02 22:35:20,642 | ERROR | 53686,  raised Error 404 
2019-12-02 22:36:29,894 | ERROR | 53798,  raised Error 404 
2019-12-02 22:37:15,720 | ERROR | 53864,  raised Error 404 
2019-12-02 22:37:43,853 | ERROR | 53871,  raised Error 404 
2019-12-02 22:38:14,295 | ERROR | 53877,  raised Error 404 
2019-12-02 22:38:18,599 | ERROR | 53878,  raised Error 404 
2019-12-02 22:38:18,969 | ERROR | 53880, favicon.ico raised Error 403 
2019-12-02 22:38:21,619 | ERROR | 53886, favicon.ico raised Error 403 
2019-12-02 22:38:22,444 | ERROR | 53889, favicon.ico raised Error 403 
2019-12-02 22:38:24,323 | ERROR | 53894, favicon.ico raised Error 403 
2019-12-02 22:38:30,051 | ERROR | 53895, 2.htmlg raised Error 403 
2019-12-02 22:38:30,502 | ERROR | 53897, favicon.ico raised Error 403 
2019-12-02 22:38:34,240 | ERROR | 53899, 22 raised Error 404 
2019-12-02 22:38:34,810 | ERROR | 53902, favicon.ico raised Error 403 
2019-12-02 22:39:58,048 | ERROR | 53916, 22 raised Error 404 
2019-12-02 22:39:58,300 | ERROR | 53918, 22 raised Error 404 
2019-12-02 22:39:58,507 | ERROR | 53919, favicon.ico raised Error 403 
2019-12-02 22:40:01,263 | ERROR | 53921,  raised Error 404 
2019-12-02 22:40:03,485 | ERROR | 53926, favicon.ico raised Error 403 
2019-12-02 22:40:05,918 | ERROR | 53934, favicon.ico raised Error 403 
2019-12-02 22:40:06,827 | ERROR | 53937, favicon.ico raised Error 403 
2019-12-02 22:40:10,491 | ERROR | 53939, index.htmlgg raised Error 403 
2019-12-02 22:41:41,389 | ERROR | 53944,  raised Error 404 
2019-12-02 22:41:41,849 | ERROR | 53947, favicon.ico raised Error 403 
2019-12-02 22:45:33,330 | ERROR | 54108,  raised Error 404 
2019-12-02 22:45:33,581 | ERROR | 54110,  raised Error 404 
2019-12-02 22:45:33,785 | ERROR | 54111, favicon.ico raised Error 403 
2019-12-02 22:45:37,002 | ERROR | 54128, favicon.ico raised Error 403 
2019-12-02 22:45:38,700 | ERROR | 54138, favicon.ico raised Error 403 
2019-12-02 22:45:41,710 | ERROR | 54144, index.htmlk raised Error 403 
2019-12-02 22:45:41,816 | ERROR | 54145, favicon.ico raised Error 403 
2019-12-02 22:45:45,307 | ERROR | 54149, ind raised Error 404 
2019-12-02 22:45:45,608 | ERROR | 54158, favicon.ico raised Error 403 
