2019-11-27 19:49:09,534 | ERROR | 63269,  raised Error 404 
2019-11-27 19:49:17,950 | ERROR | 63273, index.lll raised Error 403 
2019-11-27 19:49:22,020 | ERROR | 63275, inde raised Error 404 
2019-11-27 19:49:28,076 | ERROR | 63277,  raised Error 404 
2019-11-29 11:14:42,585 | ERROR | 57176,  raised Error 404 
2019-11-29 11:16:04,466 | ERROR | 57204,  raised Error 404 
2019-11-29 11:19:15,830 | ERROR | 57314,  raised Error 404 
2019-11-29 11:19:15,998 | ERROR | 57314,  raised Error 404 
2019-11-29 11:19:16,149 | ERROR | 57315, favicon.ico raised Error 403 
2019-11-29 11:19:42,366 | ERROR | 57340, 2.htmlf raised Error 403 
2019-11-29 11:20:43,888 | ERROR | 57372, favicon.ico raised Error 403 
2019-11-29 11:21:56,796 | ERROR | 57424, 2.htmlg raised Error 403 
2019-11-29 11:22:04,041 | ERROR | 57430, favicon.ico raised Error 403 
2019-11-29 11:24:02,171 | ERROR | 57476,  raised Error 404 
2019-11-29 11:24:02,337 | ERROR | 57476,  raised Error 404 
2019-11-29 11:24:02,495 | ERROR | 57477, favicon.ico raised Error 403 
2019-11-29 11:27:36,412 | ERROR | 57535, favicon.ico raised Error 403 
2019-11-29 11:30:51,494 | ERROR | 57584,  raised Error 404 
2019-11-29 11:30:51,649 | ERROR | 57584,  raised Error 404 
2019-11-29 11:30:51,778 | ERROR | 57585, favicon.ico raised Error 403 
2019-11-29 11:31:13,959 | ERROR | 57596,  raised Error 404 
2019-11-29 11:31:29,509 | ERROR | 57599,  raised Error 404 
2019-11-29 11:32:57,024 | ERROR | 57628,  raised Error 404 
2019-11-29 11:32:57,208 | ERROR | 57628,  raised Error 404 
2019-11-29 11:32:57,276 | ERROR | 57629, favicon.ico raised Error 403 
2019-11-29 11:33:55,636 | ERROR | 57699,  raised Error 404 
2019-11-29 11:33:56,158 | ERROR | 57700,  raised Error 404 
2019-11-29 11:33:56,201 | ERROR | 57700, favicon.ico raised Error 403 
2019-11-29 11:33:59,687 | ERROR | 57708, favicon.ico raised Error 403 
2019-11-29 11:34:17,863 | ERROR | 57730,  raised Error 404 
2019-11-29 11:34:18,176 | ERROR | 57732, favicon.ico raised Error 403 
2019-11-29 11:34:18,607 | ERROR | 57734, favicon.ico raised Error 403 
2019-11-29 11:34:32,161 | ERROR | 57746,  raised Error 404 
2019-11-29 11:34:32,985 | ERROR | 57746, favicon.ico raised Error 403 
2019-11-29 11:34:34,953 | ERROR | 57750, favicon.ico raised Error 403 
2019-11-29 11:35:11,221 | ERROR | 57767,  raised Error 404 
2019-11-29 11:35:12,387 | ERROR | 57767, favicon.ico raised Error 403 
2019-11-29 11:35:16,341 | ERROR | 57768,  raised Error 404 
2019-11-29 11:35:16,662 | ERROR | 57770, favicon.ico raised Error 403 
2019-11-29 11:35:27,906 | ERROR | 57775, e raised Error 404 
2019-11-29 11:35:34,657 | ERROR | 57777, 2.defdfdf raised Error 403 
2019-11-29 11:35:43,759 | ERROR | 57780, favicon.ico raised Error 403 
2019-11-30 10:36:33,806 | ERROR | 49275,  raised Error 404 
2019-11-30 10:36:34,157 | ERROR | 49276,  raised Error 404 
2019-11-30 10:36:34,901 | ERROR | 49276, favicon.png raised Error 403 
2019-11-30 10:47:11,942 | ERROR | 49403, favicon.ico raised Error 403 
2019-11-30 10:52:56,172 | ERROR | 49530, 2%D1%8B%D1%84%D0%B2%D1%8B%D0%B2%D0%B0 raised Error 404 
2019-11-30 10:58:28,117 | ERROR | 49688, 2%D1%8B%D1%84%D0%B2%D1%8B%D0%B2%D0%B0 raised Error 404 
2019-11-30 10:58:28,332 | ERROR | 49688, 2%D1%8B%D1%84%D0%B2%D1%8B%D0%B2%D0%B0 raised Error 404 
2019-11-30 10:58:32,870 | ERROR | 49689, favicon.ico raised Error 403 
2019-11-30 10:58:35,985 | ERROR | 49694,  raised Error 404 
2019-11-30 10:58:36,305 | ERROR | 49695,  raised Error 404 
2019-11-30 10:58:36,717 | ERROR | 49695, favicon.ico raised Error 403 
2019-11-30 10:58:40,374 | ERROR | 49701, favicon.ico raised Error 403 
2019-11-30 10:58:43,335 | ERROR | 49707, favicon.ico raised Error 403 
2019-11-30 10:58:45,452 | ERROR | 49713, favicon.ico raised Error 403 
2019-11-30 10:58:47,630 | ERROR | 49719, favicon.ico raised Error 403 
2019-11-30 10:58:49,562 | ERROR | 49725, favicon.ico raised Error 403 
2019-11-30 10:58:51,873 | ERROR | 49731, favicon.ico raised Error 403 
2019-11-30 10:59:48,546 | ERROR | 49751, inde raised Error 404 
2019-11-30 10:59:48,873 | ERROR | 49752, inde raised Error 404 
2019-11-30 10:59:49,933 | ERROR | 49752, favicon.ico raised Error 403 
2019-11-30 11:03:45,862 | ERROR | 49770, inde raised Error 404 
2019-11-30 11:03:46,174 | ERROR | 49771, inde raised Error 404 
2019-11-30 11:06:27,020 | ERROR | 49786, inde raised Error 404 
2019-11-30 11:06:29,163 | ERROR | 49785, inde raised Error 404 
2019-11-30 11:06:29,449 | ERROR | 49788, inde raised Error 404 
2019-11-30 11:06:35,251 | ERROR | 49793, ind raised Error 404 
2019-11-30 11:06:58,895 | ERROR | 49799, inde raised Error 404 
2019-11-30 11:07:00,446 | ERROR | 49800, inde raised Error 404 
2019-11-30 11:19:02,113 | ERROR | 49865, inde raised Error 404 
2019-11-30 11:19:02,454 | ERROR | 49866, inde raised Error 404 
2019-11-30 11:30:49,441 | ERROR | 50262, inde raised Error 404 
2019-11-30 11:30:49,848 | ERROR | 50263, inde raised Error 404 
2019-11-30 11:36:11,321 | ERROR | 50375, inde raised Error 404 
2019-11-30 11:36:11,629 | ERROR | 50376, inde raised Error 404 
2019-11-30 11:38:24,135 | ERROR | 50391,  raised Error 404 
2019-11-30 11:38:24,515 | ERROR | 50392,  raised Error 404 
2019-11-30 11:38:24,517 | ERROR | 50392,  raised Error 404 
2019-11-30 11:38:27,125 | ERROR | 50394,  raised Error 404 
2019-11-30 11:38:34,718 | ERROR | 50399,  raised Error 404 
2019-11-30 11:38:36,120 | ERROR | 50400,  raised Error 404 
2019-11-30 11:38:36,125 | ERROR | 50400,  raised Error 404 
2019-11-30 11:38:37,801 | ERROR | 50405,  raised Error 404 
2019-11-30 11:38:42,951 | ERROR | 50406,  raised Error 404 
2019-11-30 11:38:42,955 | ERROR | 50406,  raised Error 404 
2019-11-30 11:40:27,922 | ERROR | 50411,  raised Error 404 
2019-11-30 11:40:44,882 | ERROR | 50424, index.htmlk raised Error 403 
2019-11-30 11:40:48,408 | ERROR | 50426, inde raised Error 404 
2019-11-30 11:40:48,703 | ERROR | 50428, inde raised Error 404 
2019-11-30 11:48:26,332 | ERROR | 50489, inde raised Error 404 
2019-11-30 11:48:38,274 | ERROR | 50495, inde raised Error 404 
2019-11-30 11:48:41,496 | ERROR | 50496, inde raised Error 404 
2019-11-30 11:48:41,497 | ERROR | 50496, inde raised Error 404 
2019-11-30 11:51:37,864 | ERROR | 50518, inde raised Error 404 
2019-11-30 11:51:46,041 | ERROR | 50519, inde raised Error 404 
2019-11-30 11:56:31,146 | ERROR | 50687, inde raised Error 404 
2019-11-30 11:56:31,522 | ERROR | 50688, inde raised Error 404 
2019-11-30 11:56:32,291 | ERROR | 50690, favicon.ico raised Error 403 
2019-11-30 11:56:46,512 | ERROR | 50699, inde raised Error 404 
2019-11-30 11:56:47,203 | ERROR | 50704, inde raised Error 404 
2019-11-30 11:56:47,586 | ERROR | 50705, inde raised Error 404 
2019-11-30 11:56:47,951 | ERROR | 50707, inde raised Error 404 
2019-11-30 11:56:49,033 | ERROR | 50710, favicon.ico raised Error 403 
2019-11-30 11:59:12,397 | ERROR | 50840, inde raised Error 404 
2019-11-30 11:59:13,076 | ERROR | 50846, inde raised Error 404 
2019-11-30 11:59:13,455 | ERROR | 50847, inde raised Error 404 
2019-11-30 11:59:13,797 | ERROR | 50849, inde raised Error 404 
2019-11-30 11:59:15,141 | ERROR | 50851, favicon.ico raised Error 403 
2019-11-30 12:07:12,387 | ERROR | 51114, favicon.ico raised Error 403 
2019-11-30 12:07:14,280 | ERROR | 51121, favicon.ico raised Error 403 
2019-11-30 12:07:17,071 | ERROR | 51128, favicon.ico raised Error 403 
2019-11-30 12:07:18,697 | ERROR | 51131, index.htmlk raised Error 403 
2019-11-30 12:07:19,001 | ERROR | 51133, favicon.ico raised Error 403 
2019-11-30 12:07:19,717 | ERROR | 51138, index.htmlk raised Error 403 
2019-11-30 12:07:48,072 | ERROR | 51148, index.htmlk raised Error 403 
2019-11-30 12:07:48,979 | ERROR | 51149, favicon.ico raised Error 403 
2019-11-30 12:07:57,282 | ERROR | 51150, jj raised Error 404 
2019-11-30 12:07:57,610 | ERROR | 51152, favicon.ico raised Error 403 
2019-12-02 21:17:37,698 | ERROR | 64436,  raised Error 404 
2019-12-02 21:17:38,074 | ERROR | 64438,  raised Error 404 
2019-12-02 21:17:38,583 | ERROR | 64440, favicon.ico raised Error 403 
2019-12-02 21:17:41,390 | ERROR | 64446, favicon.ico raised Error 403 
2019-12-02 21:17:42,211 | ERROR | 64449, favicon.ico raised Error 403 
2019-12-02 21:17:45,546 | ERROR | 64451, index.htmlk raised Error 403 
2019-12-02 21:17:52,302 | ERROR | 64453, inde raised Error 404 
2019-12-02 21:17:52,984 | ERROR | 64456, favicon.ico raised Error 403 
2019-12-02 21:23:47,156 | ERROR | 64827, inde raised Error 404 
2019-12-02 21:23:47,495 | ERROR | 64828, inde raised Error 404 
2019-12-02 21:23:47,892 | ERROR | 64830, favicon.ico raised Error 403 
2019-12-02 21:26:08,482 | ERROR | 65008, inde raised Error 404 
2019-12-02 21:26:08,733 | ERROR | 65010, inde raised Error 404 
2019-12-02 21:26:09,306 | ERROR | 65011, favicon.ico raised Error 403 
2019-12-02 21:26:12,621 | ERROR | 65018,  raised Error 404 
2019-12-02 21:26:13,357 | ERROR | 65026, favicon.ico raised Error 403 
2019-12-02 21:26:14,775 | ERROR | 65029, favicon.ico raised Error 403 
2019-12-02 21:26:16,376 | ERROR | 65034, favicon.ico raised Error 403 
2019-12-02 21:26:24,402 | ERROR | 65037, favicon.ico raised Error 403 
2019-12-02 21:26:26,843 | ERROR | 65042, favicon.ico raised Error 403 
2019-12-02 21:26:30,074 | ERROR | 65046, favicon.ico raised Error 403 
2019-12-02 21:26:33,975 | ERROR | 65054, favicon.ico raised Error 403 
2019-12-02 21:26:36,654 | ERROR | 65055, index.htmlk raised Error 403 
2019-12-02 21:26:37,166 | ERROR | 65057, favicon.ico raised Error 403 
2019-12-02 21:26:41,325 | ERROR | 65063, favicon.ico raised Error 403 
2019-12-02 21:44:59,220 | ERROR | 49602,  raised Error 404 
2019-12-02 21:44:59,573 | ERROR | 49604,  raised Error 404 
2019-12-02 21:45:00,093 | ERROR | 49606, favicon.ico raised Error 403 
2019-12-02 21:45:02,460 | ERROR | 49612, favicon.ico raised Error 403 
2019-12-02 21:45:03,132 | ERROR | 49615, favicon.ico raised Error 403 
2019-12-02 21:45:06,050 | ERROR | 49618, index.htmlk raised Error 403 
2019-12-02 21:45:11,861 | ERROR | 49620, index raised Error 404 
2019-12-02 21:45:12,585 | ERROR | 49623, favicon.ico raised Error 403 
2019-12-02 21:45:34,340 | ERROR | 49634, index raised Error 404 
2019-12-02 21:45:34,831 | ERROR | 49635, index raised Error 404 
2019-12-02 21:45:35,807 | ERROR | 49639, favicon.ico raised Error 403 
2019-12-02 21:47:44,726 | ERROR | 49816, index raised Error 404 
2019-12-02 21:47:45,130 | ERROR | 49817, index raised Error 404 
2019-12-02 21:47:45,738 | ERROR | 49821, favicon.ico raised Error 403 
2019-12-02 21:56:21,651 | ERROR | 50949, index.fdhghfg raised Error 403 
2019-12-02 21:56:21,892 | ERROR | 50950, favicon.ico raised Error 403 
2019-12-02 21:58:57,849 | ERROR | 51416,  raised Error 404 
2019-12-02 21:58:58,101 | ERROR | 51418,  raised Error 404 
2019-12-02 21:58:58,383 | ERROR | 51423, favicon.ico raised Error 403 
2019-12-02 21:59:00,268 | ERROR | 51445, favicon.ico raised Error 403 
2019-12-02 21:59:00,909 | ERROR | 51455, favicon.ico raised Error 403 
2019-12-02 22:01:10,754 | ERROR | 51531, index.html raised Error 404 
2019-12-02 22:01:11,006 | ERROR | 51533, index.html raised Error 404 
2019-12-02 22:01:11,552 | ERROR | 51536, favicon.ico raised Error 403 
2019-12-02 22:01:41,024 | ERROR | 51565, index.html raised Error 404 
2019-12-02 22:01:41,277 | ERROR | 51568, index.html raised Error 404 
2019-12-02 22:01:41,526 | ERROR | 51569, favicon.ico raised Error 403 
2019-12-02 22:02:01,797 | ERROR | 51589, favicon.ico raised Error 403 
2019-12-02 22:06:01,690 | ERROR | 51741, favicon.ico raised Error 403 
2019-12-02 22:06:51,008 | ERROR | 51800, favicon.ico raised Error 403 
2019-12-02 22:09:22,875 | ERROR | 51879, favicon.ico raised Error 403 
2019-12-02 22:09:25,673 | ERROR | 51880, inde raised Error 404 
2019-12-02 22:09:25,972 | ERROR | 51883, inde raised Error 404 
2019-12-02 22:09:27,722 | ERROR | 51884, inde raised Error 404 
2019-12-02 22:10:15,691 | ERROR | 51941, inde raised Error 404 
2019-12-02 22:10:16,919 | ERROR | 51942, inde raised Error 404 
2019-12-02 22:10:17,218 | ERROR | 51948, inde raised Error 404 
2019-12-02 22:10:17,425 | ERROR | 51951, favicon.ico raised Error 403 
2019-12-02 22:11:35,601 | ERROR | 52123, inde raised Error 404 
2019-12-02 22:11:35,851 | ERROR | 52124, inde raised Error 404 
2019-12-02 22:11:36,347 | ERROR | 52128, favicon.ico raised Error 403 
2019-12-02 22:11:52,040 | ERROR | 52155, inde raised Error 404 
2019-12-02 22:11:52,290 | ERROR | 52158, inde raised Error 404 
2019-12-02 22:11:52,864 | ERROR | 52164, favicon.ico raised Error 403 
2019-12-02 22:12:36,507 | ERROR | 52221, inde raised Error 404 
2019-12-02 22:12:36,758 | ERROR | 52222, inde raised Error 404 
2019-12-02 22:12:37,319 | ERROR | 52225, favicon.ico raised Error 403 
2019-12-02 22:13:51,875 | ERROR | 52386, inde raised Error 404 
2019-12-02 22:13:52,126 | ERROR | 52387, inde raised Error 404 
2019-12-02 22:13:52,689 | ERROR | 52390, favicon.ico raised Error 403 
2019-12-02 22:13:59,610 | ERROR | 52392, index.xfkldlfkg raised Error 403 
2019-12-02 22:13:59,982 | ERROR | 52405, favicon.ico raised Error 403 
